2025-02-03 18:38 -05:00:    ▲ Next.js 15.1.6
2025-02-03 18:38 -05:00:    ▲ Next.js 15.1.6
2025-02-03 18:38 -05:00:    ▲ Next.js 15.1.6
2025-02-03 18:38 -05:00:    ▲ Next.js 15.1.6
2025-02-03 18:38 -05:00:    ▲ Next.js 15.1.6
2025-02-03 18:38 -05:00:    ▲ Next.js 15.1.6
2025-02-03 18:38 -05:00:    ▲ Next.js 15.1.6
2025-02-03 18:38 -05:00:    ▲ Next.js 15.1.6
2025-02-03 18:38 -05:00:    ▲ Next.js 15.1.6
2025-02-03 18:38 -05:00:    ▲ Next.js 15.1.6
2025-02-03 18:38 -05:00:    ▲ Next.js 15.1.6
2025-02-03 18:38 -05:00:    ▲ Next.js 15.1.6
2025-02-03 18:38 -05:00:    ▲ Next.js 15.1.6
2025-02-03 18:38 -05:00:    ▲ Next.js 15.1.6
2025-02-03 18:38 -05:00:    ▲ Next.js 15.1.6
2025-02-03 18:38 -05:00:    ▲ Next.js 15.1.6
2025-02-03 18:38 -05:00:    ▲ Next.js 15.1.6
2025-02-03 18:38 -05:00:    - Local:        http://localhost:3006
2025-02-03 18:38 -05:00:    - Network:      http://192.168.1.14:3006
2025-02-03 18:38 -05:00: 
2025-02-03 18:38 -05:00:  ✓ Starting...
2025-02-03 18:38 -05:00:    - Local:        http://localhost:3006
2025-02-03 18:38 -05:00:    - Network:      http://192.168.1.14:3006
2025-02-03 18:38 -05:00: 
2025-02-03 18:38 -05:00:  ✓ Starting...
2025-02-03 18:38 -05:00:    - Local:        http://localhost:3006
2025-02-03 18:38 -05:00:    - Network:      http://192.168.1.14:3006
2025-02-03 18:38 -05:00: 
2025-02-03 18:38 -05:00:  ✓ Starting...
2025-02-03 18:38 -05:00:    - Local:        http://localhost:3006
2025-02-03 18:38 -05:00:    - Network:      http://192.168.1.14:3006
2025-02-03 18:38 -05:00: 
2025-02-03 18:38 -05:00:  ✓ Starting...
2025-02-03 18:38 -05:00:    - Local:        http://localhost:3006
2025-02-03 18:38 -05:00:    - Network:      http://192.168.1.14:3006
2025-02-03 18:38 -05:00: 
2025-02-03 18:38 -05:00:  ✓ Starting...
2025-02-03 18:38 -05:00:    - Local:        http://localhost:3006
2025-02-03 18:38 -05:00:    - Network:      http://192.168.1.14:3006
2025-02-03 18:38 -05:00: 
2025-02-03 18:38 -05:00:  ✓ Starting...
2025-02-03 18:38 -05:00:    - Local:        http://localhost:3006
2025-02-03 18:38 -05:00:    - Network:      http://192.168.1.14:3006
2025-02-03 18:38 -05:00: 
2025-02-03 18:38 -05:00:  ✓ Starting...
2025-02-03 18:38 -05:00:    - Local:        http://localhost:3006
2025-02-03 18:38 -05:00:    - Network:      http://192.168.1.14:3006
2025-02-03 18:38 -05:00: 
2025-02-03 18:38 -05:00:  ✓ Starting...
2025-02-03 18:38 -05:00:    ▲ Next.js 15.1.6
2025-02-03 18:38 -05:00:  ✓ Ready in 1239ms
2025-02-03 18:38 -05:00:  ✓ Ready in 1279ms
2025-02-03 18:38 -05:00:  ✓ Ready in 1229ms
2025-02-03 18:38 -05:00:    - Local:        http://localhost:3006
2025-02-03 18:38 -05:00:    - Network:      http://192.168.1.14:3006
2025-02-03 18:38 -05:00: 
2025-02-03 18:38 -05:00:  ✓ Starting...
2025-02-03 18:38 -05:00:    - Local:        http://localhost:3006
2025-02-03 18:38 -05:00:    - Network:      http://192.168.1.14:3006
2025-02-03 18:38 -05:00: 
2025-02-03 18:38 -05:00:  ✓ Starting...
2025-02-03 18:38 -05:00:  ✓ Ready in 1208ms
2025-02-03 18:38 -05:00:  ✓ Ready in 1259ms
2025-02-03 18:38 -05:00:  ✓ Ready in 1220ms
2025-02-03 18:38 -05:00:  ✓ Ready in 1241ms
2025-02-03 18:38 -05:00:  ✓ Ready in 1202ms
2025-02-03 18:38 -05:00:    - Local:        http://localhost:3006
2025-02-03 18:38 -05:00:    - Network:      http://192.168.1.14:3006
2025-02-03 18:38 -05:00: 
2025-02-03 18:38 -05:00:  ✓ Starting...
2025-02-03 18:38 -05:00:    - Local:        http://localhost:3006
2025-02-03 18:38 -05:00:    - Network:      http://192.168.1.14:3006
2025-02-03 18:38 -05:00: 
2025-02-03 18:38 -05:00:  ✓ Starting...
2025-02-03 18:38 -05:00:    - Local:        http://localhost:3006
2025-02-03 18:38 -05:00:    - Network:      http://192.168.1.14:3006
2025-02-03 18:38 -05:00: 
2025-02-03 18:38 -05:00:  ✓ Starting...
2025-02-03 18:38 -05:00:    - Local:        http://localhost:3006
2025-02-03 18:38 -05:00:    - Network:      http://192.168.1.14:3006
2025-02-03 18:38 -05:00: 
2025-02-03 18:38 -05:00:  ✓ Starting...
2025-02-03 18:38 -05:00:    - Local:        http://localhost:3006
2025-02-03 18:38 -05:00:    - Network:      http://192.168.1.14:3006
2025-02-03 18:38 -05:00: 
2025-02-03 18:38 -05:00:  ✓ Starting...
2025-02-03 18:38 -05:00:    - Local:        http://localhost:3006
2025-02-03 18:38 -05:00:    - Network:      http://192.168.1.14:3006
2025-02-03 18:38 -05:00: 
2025-02-03 18:38 -05:00:  ✓ Starting...
2025-02-03 18:38 -05:00:  ✓ Ready in 1436ms
2025-02-03 18:38 -05:00:  ✓ Ready in 1440ms
2025-02-03 18:38 -05:00:  ✓ Ready in 1473ms
2025-02-03 18:38 -05:00:  ✓ Ready in 1469ms
2025-02-03 18:38 -05:00:    ▲ Next.js 15.1.6
2025-02-03 18:38 -05:00:  ✓ Ready in 1499ms
2025-02-03 18:38 -05:00:  ✓ Ready in 1502ms
2025-02-03 18:38 -05:00:  ✓ Ready in 1443ms
2025-02-03 18:38 -05:00:    - Local:        http://localhost:3006
2025-02-03 18:38 -05:00:    - Network:      http://192.168.1.14:3006
2025-02-03 18:38 -05:00: 
2025-02-03 18:38 -05:00:  ✓ Starting...
2025-02-03 18:38 -05:00:    - Local:        http://localhost:3006
2025-02-03 18:38 -05:00:    - Network:      http://192.168.1.14:3006
2025-02-03 18:38 -05:00: 
2025-02-03 18:38 -05:00:  ✓ Starting...
2025-02-03 18:38 -05:00:  ✓ Ready in 1580ms
2025-02-03 18:38 -05:00:    ▲ Next.js 15.1.6
2025-02-03 18:38 -05:00:  ✓ Ready in 1472ms
2025-02-03 18:38 -05:00:  ✓ Ready in 1444ms
2025-02-03 18:38 -05:00:    ▲ Next.js 15.1.6
2025-02-03 18:38 -05:00:    ▲ Next.js 15.1.6
2025-02-03 18:38 -05:00:    - Local:        http://localhost:3006
2025-02-03 18:38 -05:00:    - Network:      http://192.168.1.14:3006
2025-02-03 18:38 -05:00: 
2025-02-03 18:38 -05:00:  ✓ Starting...
2025-02-03 18:38 -05:00:  ✓ Ready in 1558ms
2025-02-03 18:38 -05:00:    ▲ Next.js 15.1.6
2025-02-03 18:38 -05:00:    - Local:        http://localhost:3006
2025-02-03 18:38 -05:00:    - Network:      http://192.168.1.14:3006
2025-02-03 18:38 -05:00: 
2025-02-03 18:38 -05:00:  ✓ Starting...
2025-02-03 18:38 -05:00:    - Local:        http://localhost:3006
2025-02-03 18:38 -05:00:    - Network:      http://192.168.1.14:3006
2025-02-03 18:38 -05:00: 
2025-02-03 18:38 -05:00:  ✓ Starting...
2025-02-03 18:38 -05:00:  ✓ Ready in 1902ms
2025-02-03 18:38 -05:00:    ▲ Next.js 15.1.6
2025-02-03 18:38 -05:00:    - Local:        http://localhost:3006
2025-02-03 18:38 -05:00:    - Network:      http://192.168.1.14:3006
2025-02-03 18:38 -05:00: 
2025-02-03 18:38 -05:00:  ✓ Starting...
2025-02-03 18:38 -05:00:  ✓ Ready in 1675ms
2025-02-03 18:38 -05:00:    - Local:        http://localhost:3006
2025-02-03 18:38 -05:00:    - Network:      http://192.168.1.14:3006
2025-02-03 18:38 -05:00: 
2025-02-03 18:38 -05:00:  ✓ Starting...
2025-02-03 18:38 -05:00:  ✓ Ready in 1939ms
2025-02-03 18:38 -05:00:    ▲ Next.js 15.1.6
2025-02-03 18:38 -05:00:  ✓ Ready in 1753ms
2025-02-03 18:38 -05:00:    - Local:        http://localhost:3006
2025-02-03 18:38 -05:00:    - Network:      http://192.168.1.14:3006
2025-02-03 18:38 -05:00: 
2025-02-03 18:38 -05:00:  ✓ Starting...
2025-02-03 18:38 -05:00:    ▲ Next.js 15.1.6
2025-02-03 18:38 -05:00:  ✓ Ready in 1601ms
2025-02-03 18:38 -05:00: MongoDB :: connected premierprinting
2025-02-03 18:38 -05:00: MongoDB :: connected premierprinting
2025-02-03 18:38 -05:00:    - Local:        http://localhost:3006
2025-02-03 18:38 -05:00:    - Network:      http://192.168.1.14:3006
2025-02-03 18:38 -05:00: 
2025-02-03 18:38 -05:00:  ✓ Starting...
2025-02-03 18:38 -05:00:    ▲ Next.js 15.1.6
2025-02-03 18:38 -05:00:    ▲ Next.js 15.1.6
2025-02-03 18:38 -05:00:    ▲ Next.js 15.1.6
2025-02-03 18:38 -05:00:    - Local:        http://localhost:3006
2025-02-03 18:38 -05:00:    - Network:      http://192.168.1.14:3006
2025-02-03 18:38 -05:00: 
2025-02-03 18:38 -05:00:  ✓ Starting...
2025-02-03 18:38 -05:00: MongoDB :: connected premierprinting
2025-02-03 18:38 -05:00:    ▲ Next.js 15.1.6
2025-02-03 18:38 -05:00: MongoDB :: connected premierprinting
2025-02-03 18:38 -05:00:  ✓ Ready in 1657ms
2025-02-03 18:38 -05:00:    ▲ Next.js 15.1.6
2025-02-03 18:38 -05:00: MongoDB :: connected premierprinting
2025-02-03 18:38 -05:00:    ▲ Next.js 15.1.6
2025-02-03 18:38 -05:00: MongoDB :: connected premierprinting
2025-02-03 18:38 -05:00:  ✓ Ready in 1882ms
2025-02-03 18:38 -05:00:    - Local:        http://localhost:3006
2025-02-03 18:38 -05:00:    - Network:      http://192.168.1.14:3006
2025-02-03 18:38 -05:00: 
2025-02-03 18:38 -05:00:  ✓ Starting...
2025-02-03 18:38 -05:00: MongoDB :: connected premierprinting
2025-02-03 18:38 -05:00:    - Local:        http://localhost:3006
2025-02-03 18:38 -05:00:    - Network:      http://192.168.1.14:3006
2025-02-03 18:38 -05:00: 
2025-02-03 18:38 -05:00:  ✓ Starting...
2025-02-03 18:38 -05:00:    - Local:        http://localhost:3006
2025-02-03 18:38 -05:00:    - Network:      http://192.168.1.14:3006
2025-02-03 18:38 -05:00: 
2025-02-03 18:38 -05:00:  ✓ Starting...
2025-02-03 18:38 -05:00:    - Local:        http://localhost:3006
2025-02-03 18:38 -05:00:    - Network:      http://192.168.1.14:3006
2025-02-03 18:38 -05:00: 
2025-02-03 18:38 -05:00:  ✓ Starting...
2025-02-03 18:38 -05:00:    - Local:        http://localhost:3006
2025-02-03 18:38 -05:00:    - Network:      http://192.168.1.14:3006
2025-02-03 18:38 -05:00: 
2025-02-03 18:38 -05:00:  ✓ Starting...
2025-02-03 18:38 -05:00: MongoDB :: connected premierprinting
2025-02-03 18:38 -05:00: MongoDB :: connected premierprinting
2025-02-03 18:38 -05:00:    - Local:        http://localhost:3006
2025-02-03 18:38 -05:00:    - Network:      http://192.168.1.14:3006
2025-02-03 18:38 -05:00: 
2025-02-03 18:38 -05:00:  ✓ Starting...
2025-02-03 18:38 -05:00:  ✓ Ready in 1324ms
2025-02-03 18:38 -05:00:  ✓ Ready in 1241ms
2025-02-03 18:38 -05:00:  ✓ Ready in 1567ms
2025-02-03 18:38 -05:00:  ✓ Ready in 1628ms
2025-02-03 18:38 -05:00:  ✓ Ready in 1710ms
2025-02-03 18:38 -05:00:  ✓ Ready in 1150ms
2025-02-03 18:38 -05:00: MongoDB :: connected premierprinting
2025-02-03 18:38 -05:00: MongoDB :: connected premierprinting
2025-02-03 18:38 -05:00: MongoDB :: connected premierprinting
2025-02-03 18:38 -05:00: MongoDB :: connected premierprinting
2025-02-03 18:38 -05:00: MongoDB :: connected premierprinting
2025-02-03 18:38 -05:00: MongoDB :: connected premierprinting
2025-02-03 18:38 -05:00: MongoDB :: connected premierprinting
2025-02-03 18:38 -05:00: MongoDB :: connected premierprinting
2025-02-03 18:38 -05:00: MongoDB :: connected premierprinting
2025-02-03 18:38 -05:00: MongoDB :: connected premierprinting
2025-02-03 18:38 -05:00: MongoDB :: connected premierprinting
2025-02-03 18:38 -05:00: MongoDB :: connected premierprinting
2025-02-03 18:38 -05:00: MongoDB :: connected premierprinting
2025-02-03 18:38 -05:00: MongoDB :: connected premierprinting
2025-02-03 18:38 -05:00: MongoDB :: connected premierprinting
2025-02-03 18:38 -05:00: MongoDB :: connected premierprinting
2025-02-03 18:38 -05:00: MongoDB :: connected premierprinting
2025-02-03 18:38 -05:00: MongoDB :: connected premierprinting
2025-02-03 18:38 -05:00: MongoDB :: connected premierprinting
2025-02-03 18:38 -05:00: MongoDB :: connected premierprinting
2025-02-03 18:38 -05:00: MongoDB :: connected premierprinting
2025-02-03 18:38 -05:00: MongoDB :: connected premierprinting
2025-02-03 18:38 -05:00: MongoDB :: connected premierprinting
2025-02-03 18:51 -05:00:    ▲ Next.js 15.1.6
2025-02-03 18:51 -05:00:    - Local:        http://localhost:3000
2025-02-03 18:51 -05:00:    - Network:      http://192.168.1.14:3000
2025-02-03 18:51 -05:00: 
2025-02-03 18:51 -05:00:  ✓ Starting...
2025-02-03 18:51 -05:00:  ✓ Ready in 589ms
2025-02-03 18:51 -05:00: MongoDB :: connected premierprinting
2025-02-03 18:51 -05:00: null '__TOKEN__'
2025-02-03 18:51 -05:00: undefined '__ROLE__'
2025-02-03 18:51 -05:00: null '__TOKEN__'
2025-02-03 18:51 -05:00: undefined '__ROLE__'
2025-02-03 18:53 -05:00: null '__TOKEN__'
2025-02-03 18:53 -05:00: undefined '__ROLE__'
2025-02-03 18:53 -05:00: null '__TOKEN__'
2025-02-03 18:53 -05:00: undefined '__ROLE__'
2025-02-03 18:53 -05:00: null '__TOKEN__'
2025-02-03 18:53 -05:00: undefined '__ROLE__'
2025-02-03 18:53 -05:00: null '__TOKEN__'
2025-02-03 18:53 -05:00: undefined '__ROLE__'
2025-02-03 18:53 -05:00: null '__TOKEN__'
2025-02-03 18:53 -05:00: undefined '__ROLE__'
2025-02-03 18:53 -05:00: null '__TOKEN__'
2025-02-03 18:53 -05:00: undefined '__ROLE__'
2025-02-03 18:53 -05:00: null '__TOKEN__'
2025-02-03 18:53 -05:00: undefined '__ROLE__'
2025-02-03 18:53 -05:00: null '__TOKEN__'
2025-02-03 18:53 -05:00: undefined '__ROLE__'
2025-02-03 18:53 -05:00: null '__TOKEN__'
2025-02-03 18:53 -05:00: undefined '__ROLE__'
2025-02-03 18:53 -05:00: null '__TOKEN__'
2025-02-03 18:53 -05:00: undefined '__ROLE__'
2025-02-03 18:53 -05:00: null '__TOKEN__'
2025-02-03 18:53 -05:00: undefined '__ROLE__'
2025-02-03 18:54 -05:00: +++++++++++++++++ {
  userName: 'mthero24',
  password: 'BadaBing@12',
  redirect: 'false',
  csrfToken: '85a53c8ba5df0de264ec75c755f9b88db75589c187644b3d1583bab466974ef0',
  callbackUrl: 'http://localhost:3000/login',
  json: 'true'
}
2025-02-03 18:54 -05:00: {
  _id: new ObjectId('67a1134beb7a68c79a36d99c'),
  password: '$2a$08$LKIrBt.BCZDpq9S/HaxbHu3d1DBBI6GUjiAzEQvPqw4LLOgmP2poa',
  email: 'michaelthero@teeshirtpalace.com',
  userName: 'mthero24',
  role: 'production',
  addresses: [],
  alerts: [],
  __v: 0
}
2025-02-03 18:54 -05:00: false
2025-02-03 18:54 -05:00: {
  email: 'michaelthero@teeshirtpalace.com',
  userName: 'mthero24',
  role: 'production',
  iat: 1738626853,
  exp: 1741218853,
  jti: '031be268-eeac-4cc4-a815-2db9d34d003b'
} '__TOKEN__'
2025-02-03 18:54 -05:00: production __ROLE__
2025-02-03 18:54 -05:00: {
  email: 'michaelthero@teeshirtpalace.com',
  userName: 'mthero24',
  role: 'production',
  iat: 1738626853,
  exp: 1741218853,
  jti: '031be268-eeac-4cc4-a815-2db9d34d003b'
} '__TOKEN__'
2025-02-03 18:54 -05:00: production __ROLE__
2025-02-03 18:54 -05:00: {
  email: 'michaelthero@teeshirtpalace.com',
  userName: 'mthero24',
  role: 'production',
  iat: 1738626853,
  exp: 1741218853,
  jti: '031be268-eeac-4cc4-a815-2db9d34d003b'
} '__TOKEN__'
2025-02-03 18:54 -05:00: production __ROLE__
2025-02-03 18:59 -05:00: {
  email: 'michaelthero@teeshirtpalace.com',
  userName: 'mthero24',
  role: 'production',
  iat: 1738626853,
  exp: 1741218853,
  jti: '031be268-eeac-4cc4-a815-2db9d34d003b'
} '__TOKEN__'
2025-02-03 18:59 -05:00: production __ROLE__
2025-02-03 19:22 -05:00: null '__TOKEN__'
2025-02-03 19:22 -05:00: undefined '__ROLE__'
2025-02-03 19:27 -05:00: {
  email: 'michaelthero@teeshirtpalace.com',
  userName: 'mthero24',
  role: 'production',
  iat: 1738609485,
  exp: 1741201485,
  jti: '4a2eea9d-c679-4883-957b-45419db59ff2'
} '__TOKEN__'
2025-02-03 19:27 -05:00: production __ROLE__
2025-02-03 19:27 -05:00: {
  email: 'michaelthero@teeshirtpalace.com',
  userName: 'mthero24',
  role: 'production',
  iat: 1738609485,
  exp: 1741201485,
  jti: '4a2eea9d-c679-4883-957b-45419db59ff2'
} '__TOKEN__'
2025-02-03 19:27 -05:00: production __ROLE__
2025-02-03 19:27 -05:00: {
  email: 'michaelthero@teeshirtpalace.com',
  userName: 'mthero24',
  role: 'production',
  iat: 1738609485,
  exp: 1741201485,
  jti: '4a2eea9d-c679-4883-957b-45419db59ff2'
} '__TOKEN__'
2025-02-03 19:27 -05:00: production __ROLE__
2025-02-03 19:27 -05:00: {
  email: 'michaelthero@teeshirtpalace.com',
  userName: 'mthero24',
  role: 'production',
  iat: 1738609485,
  exp: 1741201485,
  jti: '4a2eea9d-c679-4883-957b-45419db59ff2'
} '__TOKEN__'
2025-02-03 19:27 -05:00: production __ROLE__
2025-02-03 19:27 -05:00: null '__TOKEN__'
2025-02-03 19:27 -05:00: undefined '__ROLE__'
2025-02-03 19:27 -05:00: null '__TOKEN__'
2025-02-03 19:27 -05:00: undefined '__ROLE__'
2025-02-03 20:01 -05:00: null '__TOKEN__'
2025-02-03 20:01 -05:00: undefined '__ROLE__'
2025-02-03 20:01 -05:00: null '__TOKEN__'
2025-02-03 20:01 -05:00: undefined '__ROLE__'
2025-02-04 09:00 -05:00:    ▲ Next.js 15.1.6
2025-02-04 09:00 -05:00:    - Local:        http://localhost:3000
2025-02-04 09:00 -05:00:    - Network:      http://192.168.1.14:3000
2025-02-04 09:00 -05:00: 
2025-02-04 09:00 -05:00:  ✓ Starting...
2025-02-04 09:00 -05:00:  ✓ Ready in 711ms
2025-02-04 09:00 -05:00: MongoDB :: connected premierprinting
2025-02-08 10:40 -05:00:    ▲ Next.js 15.1.6
2025-02-08 10:40 -05:00:    - Local:        http://localhost:3000
2025-02-08 10:40 -05:00:    - Network:      http://192.168.1.100:3000
2025-02-08 10:40 -05:00: 
2025-02-08 10:40 -05:00:  ✓ Starting...
2025-02-08 10:40 -05:00:  ✓ Ready in 480ms
2025-02-08 10:43 -05:00:    ▲ Next.js 15.1.6
2025-02-08 10:43 -05:00:    - Local:        http://localhost:3000
2025-02-08 10:43 -05:00:    - Network:      http://192.168.1.100:3000
2025-02-08 10:43 -05:00: 
2025-02-08 10:43 -05:00:  ✓ Starting...
2025-02-08 10:43 -05:00:  ✓ Ready in 556ms
2025-02-08 17:25 -05:00:    ▲ Next.js 15.1.6
2025-02-08 17:25 -05:00:    - Local:        http://localhost:3000
2025-02-08 17:25 -05:00:    - Network:      http://192.168.1.100:3000
2025-02-08 17:25 -05:00: 
2025-02-08 17:25 -05:00:  ✓ Starting...
2025-02-08 17:25 -05:00:  ✓ Ready in 585ms
2025-02-08 17:25 -05:00: MongoDB :: connected premierprinting
2025-02-08 17:28 -05:00:    ▲ Next.js 15.1.6
2025-02-08 17:28 -05:00:    - Local:        http://localhost:3001
2025-02-08 17:28 -05:00:    - Network:      http://192.168.1.100:3001
2025-02-08 17:28 -05:00: 
2025-02-08 17:28 -05:00:  ✓ Starting...
2025-02-08 17:28 -05:00:    ▲ Next.js 15.1.6
2025-02-08 17:28 -05:00:  ✓ Ready in 692ms
2025-02-08 17:28 -05:00:    - Local:        http://localhost:3000
2025-02-08 17:28 -05:00:    - Network:      http://192.168.1.100:3000
2025-02-08 17:28 -05:00: 
2025-02-08 17:28 -05:00:  ✓ Starting...
2025-02-08 17:28 -05:00:  ✓ Ready in 759ms
2025-02-08 17:28 -05:00: MongoDB :: connected premierprinting
2025-02-08 17:28 -05:00: MongoDB :: connected premierprinting
2025-02-08 17:28 -05:00: null '__TOKEN__'
2025-02-08 17:28 -05:00: undefined '__ROLE__'
2025-02-08 17:28 -05:00:    ▲ Next.js 15.1.6
2025-02-08 17:28 -05:00:    - Local:        http://localhost:3000
2025-02-08 17:28 -05:00:    - Network:      http://192.168.1.100:3000
2025-02-08 17:28 -05:00: 
2025-02-08 17:28 -05:00:  ✓ Starting...
2025-02-08 17:28 -05:00:  ✓ Ready in 568ms
2025-02-08 17:28 -05:00: MongoDB :: connected premierprinting
2025-02-08 17:29 -05:00: null '__TOKEN__'
2025-02-08 17:29 -05:00: undefined '__ROLE__'
2025-02-08 17:30 -05:00:    ▲ Next.js 15.1.6
2025-02-08 17:30 -05:00:    - Local:        http://localhost:3000
2025-02-08 17:30 -05:00:    - Network:      http://192.168.1.100:3000
2025-02-08 17:30 -05:00: 
2025-02-08 17:30 -05:00:  ✓ Starting...
2025-02-08 17:30 -05:00:  ✓ Ready in 632ms
2025-02-08 17:30 -05:00: MongoDB :: connected premierprinting
2025-02-08 17:32 -05:00:    ▲ Next.js 15.1.6
2025-02-08 17:32 -05:00:    - Local:        http://localhost:3000
2025-02-08 17:32 -05:00:    - Network:      http://192.168.1.100:3000
2025-02-08 17:32 -05:00: 
2025-02-08 17:32 -05:00:  ✓ Starting...
2025-02-08 17:32 -05:00:  ✓ Ready in 604ms
2025-02-08 17:32 -05:00: MongoDB :: connected premierprinting
2025-02-08 17:33 -05:00:    ▲ Next.js 15.1.6
2025-02-08 17:33 -05:00:    - Local:        http://localhost:3000
2025-02-08 17:33 -05:00:    - Network:      http://192.168.1.100:3000
2025-02-08 17:33 -05:00: 
2025-02-08 17:33 -05:00:  ✓ Starting...
2025-02-08 17:33 -05:00:  ✓ Ready in 634ms
2025-02-08 17:33 -05:00: MongoDB :: connected premierprinting
2025-02-08 17:34 -05:00:    ▲ Next.js 15.1.6
2025-02-08 17:34 -05:00:    - Local:        http://localhost:3000
2025-02-08 17:34 -05:00:    - Network:      http://192.168.1.100:3000
2025-02-08 17:34 -05:00: 
2025-02-08 17:34 -05:00:  ✓ Starting...
2025-02-08 17:34 -05:00:  ✓ Ready in 583ms
2025-02-08 17:34 -05:00: MongoDB :: connected premierprinting
2025-02-08 17:37 -05:00:    ▲ Next.js 15.1.6
2025-02-08 17:37 -05:00:    - Local:        http://localhost:3000
2025-02-08 17:37 -05:00:    - Network:      http://192.168.1.100:3000
2025-02-08 17:37 -05:00: 
2025-02-08 17:37 -05:00:  ✓ Starting...
2025-02-08 17:37 -05:00:  ✓ Ready in 613ms
2025-02-08 17:37 -05:00: MongoDB :: connected premierprinting
2025-02-08 19:10 -05:00:    ▲ Next.js 15.1.6
2025-02-08 19:10 -05:00:    - Local:        http://localhost:3000
2025-02-08 19:10 -05:00:    - Network:      http://192.168.1.100:3000
2025-02-08 19:10 -05:00: 
2025-02-08 19:10 -05:00:  ✓ Starting...
2025-02-08 19:10 -05:00:  ✓ Ready in 662ms
2025-02-08 19:10 -05:00: MongoDB :: connected premierprinting
2025-02-08 19:20 -05:00:    ▲ Next.js 15.1.6
2025-02-08 19:20 -05:00:    - Local:        http://localhost:3000
2025-02-08 19:20 -05:00:    - Network:      http://192.168.1.100:3000
2025-02-08 19:20 -05:00: 
2025-02-08 19:20 -05:00:  ✓ Starting...
2025-02-08 19:20 -05:00:  ✓ Ready in 668ms
2025-02-08 19:20 -05:00: MongoDB :: connected premierprinting
2025-02-08 19:25 -05:00:    ▲ Next.js 15.1.6
2025-02-08 19:25 -05:00:    - Local:        http://localhost:3000
2025-02-08 19:25 -05:00:    - Network:      http://192.168.1.100:3000
2025-02-08 19:25 -05:00: 
2025-02-08 19:25 -05:00:  ✓ Starting...
2025-02-08 19:25 -05:00:  ✓ Ready in 632ms
2025-02-08 19:25 -05:00: MongoDB :: connected premierprinting
2025-02-08 19:26 -05:00:    ▲ Next.js 15.1.6
2025-02-08 19:26 -05:00:    - Local:        http://localhost:3000
2025-02-08 19:26 -05:00:    - Network:      http://192.168.1.100:3000
2025-02-08 19:26 -05:00: 
2025-02-08 19:26 -05:00:  ✓ Starting...
2025-02-08 19:26 -05:00:  ✓ Ready in 605ms
2025-02-08 19:26 -05:00: MongoDB :: connected premierprinting
2025-02-08 19:42 -05:00:    ▲ Next.js 15.1.6
2025-02-08 19:42 -05:00:    - Local:        http://localhost:3000
2025-02-08 19:42 -05:00:    - Network:      http://192.168.1.100:3000
2025-02-08 19:42 -05:00: 
2025-02-08 19:42 -05:00:  ✓ Starting...
2025-02-08 19:42 -05:00:  ✓ Ready in 665ms
2025-02-08 19:42 -05:00: MongoDB :: connected premierprinting
2025-02-08 21:55 -05:00:    ▲ Next.js 15.1.6
2025-02-08 21:55 -05:00:    - Local:        http://localhost:3000
2025-02-08 21:55 -05:00:    - Network:      http://192.168.1.100:3000
2025-02-08 21:55 -05:00: 
2025-02-08 21:55 -05:00:  ✓ Starting...
2025-02-08 21:55 -05:00:  ✓ Ready in 737ms
2025-02-08 21:55 -05:00: MongoDB :: connected premierprinting
2025-02-08 21:57 -05:00:    ▲ Next.js 15.1.6
2025-02-08 21:57 -05:00:    - Local:        http://localhost:3000
2025-02-08 21:57 -05:00:    - Network:      http://192.168.1.100:3000
2025-02-08 21:57 -05:00: 
2025-02-08 21:57 -05:00:  ✓ Starting...
2025-02-08 21:57 -05:00:  ✓ Ready in 633ms
2025-02-08 21:57 -05:00: MongoDB :: connected premierprinting
2025-02-08 22:01 -05:00:    ▲ Next.js 15.1.6
2025-02-08 22:01 -05:00:    - Local:        http://localhost:3000
2025-02-08 22:01 -05:00:    - Network:      http://192.168.1.100:3000
2025-02-08 22:01 -05:00: 
2025-02-08 22:01 -05:00:  ✓ Starting...
2025-02-08 22:01 -05:00:  ✓ Ready in 614ms
2025-02-08 22:01 -05:00: MongoDB :: connected premierprinting
2025-02-08 22:06 -05:00:    ▲ Next.js 15.1.6
2025-02-08 22:06 -05:00:    - Local:        http://localhost:3000
2025-02-08 22:06 -05:00:    - Network:      http://192.168.1.100:3000
2025-02-08 22:06 -05:00: 
2025-02-08 22:06 -05:00:  ✓ Starting...
2025-02-08 22:06 -05:00:  ✓ Ready in 654ms
2025-02-08 22:06 -05:00: MongoDB :: connected premierprinting
2025-02-08 22:10 -05:00:    ▲ Next.js 15.1.6
2025-02-08 22:10 -05:00:    - Local:        http://localhost:3000
2025-02-08 22:10 -05:00:    - Network:      http://192.168.1.100:3000
2025-02-08 22:10 -05:00: 
2025-02-08 22:10 -05:00:  ✓ Starting...
2025-02-08 22:10 -05:00:  ✓ Ready in 681ms
2025-02-08 22:11 -05:00: MongoDB :: connected premierprinting
2025-02-08 22:13 -05:00:    ▲ Next.js 15.1.6
2025-02-08 22:13 -05:00:    - Local:        http://localhost:3000
2025-02-08 22:13 -05:00:    - Network:      http://192.168.1.100:3000
2025-02-08 22:13 -05:00: 
2025-02-08 22:13 -05:00:  ✓ Starting...
2025-02-08 22:13 -05:00:  ✓ Ready in 640ms
2025-02-08 22:13 -05:00: MongoDB :: connected premierprinting
2025-02-08 22:14 -05:00:    ▲ Next.js 15.1.6
2025-02-08 22:14 -05:00:    - Local:        http://localhost:3000
2025-02-08 22:14 -05:00:    - Network:      http://192.168.1.100:3000
2025-02-08 22:14 -05:00: 
2025-02-08 22:14 -05:00:  ✓ Starting...
2025-02-08 22:14 -05:00:  ✓ Ready in 621ms
2025-02-08 22:14 -05:00: MongoDB :: connected premierprinting
2025-02-08 22:15 -05:00:    ▲ Next.js 15.1.6
2025-02-08 22:15 -05:00:    - Local:        http://localhost:3000
2025-02-08 22:15 -05:00:    - Network:      http://192.168.1.100:3000
2025-02-08 22:15 -05:00: 
2025-02-08 22:15 -05:00:  ✓ Starting...
2025-02-08 22:15 -05:00:  ✓ Ready in 594ms
2025-02-08 22:15 -05:00: MongoDB :: connected premierprinting
2025-02-08 22:18 -05:00:    ▲ Next.js 15.1.6
2025-02-08 22:18 -05:00:    - Local:        http://localhost:3000
2025-02-08 22:18 -05:00:    - Network:      http://192.168.1.100:3000
2025-02-08 22:18 -05:00: 
2025-02-08 22:18 -05:00:  ✓ Starting...
2025-02-08 22:18 -05:00:  ✓ Ready in 641ms
2025-02-08 22:18 -05:00: MongoDB :: connected premierprinting
2025-02-08 22:19 -05:00:    ▲ Next.js 15.1.6
2025-02-08 22:19 -05:00:    - Local:        http://localhost:3000
2025-02-08 22:19 -05:00:    - Network:      http://192.168.1.100:3000
2025-02-08 22:19 -05:00: 
2025-02-08 22:19 -05:00:  ✓ Starting...
2025-02-08 22:19 -05:00:  ✓ Ready in 633ms
2025-02-08 22:19 -05:00: MongoDB :: connected premierprinting
2025-02-08 22:21 -05:00:    ▲ Next.js 15.1.6
2025-02-08 22:21 -05:00:    - Local:        http://localhost:3000
2025-02-08 22:21 -05:00:    - Network:      http://192.168.1.100:3000
2025-02-08 22:21 -05:00: 
2025-02-08 22:21 -05:00:  ✓ Starting...
2025-02-08 22:21 -05:00:  ✓ Ready in 663ms
2025-02-08 22:22 -05:00: MongoDB :: connected premierprinting
2025-02-08 22:27 -05:00:    ▲ Next.js 15.1.6
2025-02-08 22:27 -05:00:    - Local:        http://localhost:3000
2025-02-08 22:27 -05:00:    - Network:      http://192.168.1.100:3000
2025-02-08 22:27 -05:00: 
2025-02-08 22:27 -05:00:  ✓ Starting...
2025-02-08 22:27 -05:00:  ✓ Ready in 590ms
2025-02-08 22:27 -05:00: MongoDB :: connected premierprinting
2025-02-08 22:32 -05:00:    ▲ Next.js 15.1.6
2025-02-08 22:32 -05:00:    - Local:        http://localhost:3000
2025-02-08 22:32 -05:00:    - Network:      http://192.168.1.100:3000
2025-02-08 22:32 -05:00: 
2025-02-08 22:32 -05:00:  ✓ Starting...
2025-02-08 22:32 -05:00:  ✓ Ready in 647ms
2025-02-08 22:32 -05:00: MongoDB :: connected premierprinting
2025-02-08 22:39 -05:00:    ▲ Next.js 15.1.6
2025-02-08 22:39 -05:00:    - Local:        http://localhost:3000
2025-02-08 22:39 -05:00:    - Network:      http://192.168.1.100:3000
2025-02-08 22:39 -05:00: 
2025-02-08 22:39 -05:00:  ✓ Starting...
2025-02-08 22:39 -05:00:  ✓ Ready in 541ms
2025-02-08 22:39 -05:00: MongoDB :: connected premierprinting
2025-02-08 22:43 -05:00:    ▲ Next.js 15.1.6
2025-02-08 22:43 -05:00:    - Local:        http://localhost:3000
2025-02-08 22:43 -05:00:    - Network:      http://192.168.1.100:3000
2025-02-08 22:43 -05:00: 
2025-02-08 22:43 -05:00:  ✓ Starting...
2025-02-08 22:43 -05:00:  ✓ Ready in 654ms
2025-02-08 22:43 -05:00: MongoDB :: connected premierprinting
2025-02-08 22:46 -05:00:    ▲ Next.js 15.1.6
2025-02-08 22:46 -05:00:    - Local:        http://localhost:3000
2025-02-08 22:46 -05:00:    - Network:      http://192.168.1.100:3000
2025-02-08 22:46 -05:00: 
2025-02-08 22:46 -05:00:  ✓ Starting...
2025-02-08 22:46 -05:00:  ✓ Ready in 649ms
2025-02-08 22:46 -05:00: MongoDB :: connected premierprinting
2025-02-08 22:47 -05:00:    ▲ Next.js 15.1.6
2025-02-08 22:47 -05:00:    - Local:        http://localhost:3000
2025-02-08 22:47 -05:00:    - Network:      http://192.168.1.100:3000
2025-02-08 22:47 -05:00: 
2025-02-08 22:47 -05:00:  ✓ Starting...
2025-02-08 22:48 -05:00:  ✓ Ready in 633ms
2025-02-08 22:48 -05:00: MongoDB :: connected premierprinting
2025-02-08 22:49 -05:00:    ▲ Next.js 15.1.6
2025-02-08 22:49 -05:00:    - Local:        http://localhost:3000
2025-02-08 22:49 -05:00:    - Network:      http://192.168.1.100:3000
2025-02-08 22:49 -05:00: 
2025-02-08 22:49 -05:00:  ✓ Starting...
2025-02-08 22:49 -05:00:  ✓ Ready in 649ms
2025-02-08 22:49 -05:00: MongoDB :: connected premierprinting
2025-02-08 22:52 -05:00:    ▲ Next.js 15.1.6
2025-02-08 22:52 -05:00:    - Local:        http://localhost:3000
2025-02-08 22:52 -05:00:    - Network:      http://192.168.1.100:3000
2025-02-08 22:52 -05:00: 
2025-02-08 22:52 -05:00:  ✓ Starting...
2025-02-08 22:52 -05:00:  ✓ Ready in 505ms
2025-02-08 22:52 -05:00: MongoDB :: connected premierprinting
2025-02-08 22:54 -05:00:    ▲ Next.js 15.1.6
2025-02-08 22:54 -05:00:    - Local:        http://localhost:3000
2025-02-08 22:54 -05:00:    - Network:      http://192.168.1.100:3000
2025-02-08 22:54 -05:00: 
2025-02-08 22:54 -05:00:  ✓ Starting...
2025-02-08 22:54 -05:00:  ✓ Ready in 500ms
2025-02-08 22:54 -05:00: MongoDB :: connected premierprinting
2025-02-08 22:57 -05:00:    ▲ Next.js 15.1.6
2025-02-08 22:57 -05:00:    - Local:        http://localhost:3000
2025-02-08 22:57 -05:00:    - Network:      http://192.168.1.100:3000
2025-02-08 22:57 -05:00: 
2025-02-08 22:57 -05:00:  ✓ Starting...
2025-02-08 22:57 -05:00:  ✓ Ready in 511ms
2025-02-08 22:57 -05:00: MongoDB :: connected premierprinting
2025-02-08 23:00 -05:00:    ▲ Next.js 15.1.6
2025-02-08 23:00 -05:00:    - Local:        http://localhost:3000
2025-02-08 23:00 -05:00:    - Network:      http://192.168.1.100:3000
2025-02-08 23:00 -05:00: 
2025-02-08 23:00 -05:00:  ✓ Starting...
2025-02-08 23:00 -05:00:  ✓ Ready in 512ms
2025-02-08 23:00 -05:00: MongoDB :: connected premierprinting
2025-02-08 23:03 -05:00:    ▲ Next.js 15.1.6
2025-02-08 23:03 -05:00:    - Local:        http://localhost:3000
2025-02-08 23:03 -05:00:    - Network:      http://192.168.1.100:3000
2025-02-08 23:03 -05:00: 
2025-02-08 23:03 -05:00:  ✓ Starting...
2025-02-08 23:03 -05:00:  ✓ Ready in 530ms
2025-02-08 23:03 -05:00: MongoDB :: connected premierprinting
2025-02-08 23:06 -05:00:    ▲ Next.js 15.1.6
2025-02-08 23:06 -05:00:    - Local:        http://localhost:3000
2025-02-08 23:06 -05:00:    - Network:      http://192.168.1.100:3000
2025-02-08 23:06 -05:00: 
2025-02-08 23:06 -05:00:  ✓ Starting...
2025-02-08 23:06 -05:00:  ✓ Ready in 621ms
2025-02-08 23:06 -05:00: MongoDB :: connected premierprinting
2025-02-08 23:13 -05:00:    ▲ Next.js 15.1.6
2025-02-08 23:13 -05:00:    - Local:        http://localhost:3000
2025-02-08 23:13 -05:00:    - Network:      http://192.168.1.100:3000
2025-02-08 23:13 -05:00: 
2025-02-08 23:13 -05:00:  ✓ Starting...
2025-02-08 23:13 -05:00:  ✓ Ready in 625ms
2025-02-08 23:13 -05:00: MongoDB :: connected premierprinting
2025-02-08 23:22 -05:00:    ▲ Next.js 15.1.6
2025-02-08 23:22 -05:00:    - Local:        http://localhost:3000
2025-02-08 23:22 -05:00:    - Network:      http://192.168.1.100:3000
2025-02-08 23:22 -05:00: 
2025-02-08 23:22 -05:00:  ✓ Starting...
2025-02-08 23:22 -05:00:  ✓ Ready in 615ms
2025-02-08 23:22 -05:00: MongoDB :: connected premierprinting
2025-02-08 23:25 -05:00:    ▲ Next.js 15.1.6
2025-02-08 23:25 -05:00:    - Local:        http://localhost:3000
2025-02-08 23:25 -05:00:    - Network:      http://192.168.1.100:3000
2025-02-08 23:25 -05:00: 
2025-02-08 23:25 -05:00:  ✓ Starting...
2025-02-08 23:25 -05:00:  ✓ Ready in 618ms
2025-02-08 23:25 -05:00: MongoDB :: connected premierprinting
2025-02-08 23:28 -05:00:    ▲ Next.js 15.1.6
2025-02-08 23:28 -05:00:    - Local:        http://localhost:3000
2025-02-08 23:28 -05:00:    - Network:      http://192.168.1.100:3000
2025-02-08 23:28 -05:00: 
2025-02-08 23:28 -05:00:  ✓ Starting...
2025-02-08 23:28 -05:00:  ✓ Ready in 611ms
2025-02-08 23:29 -05:00: MongoDB :: connected premierprinting
2025-02-09 00:10 -05:00:    ▲ Next.js 15.1.6
2025-02-09 00:10 -05:00:    - Local:        http://localhost:3000
2025-02-09 00:10 -05:00:    - Network:      http://192.168.1.100:3000
2025-02-09 00:10 -05:00: 
2025-02-09 00:10 -05:00:  ✓ Starting...
2025-02-09 00:10 -05:00:  ✓ Ready in 579ms
2025-02-09 00:10 -05:00: MongoDB :: connected premierprinting
2025-02-09 00:12 -05:00:    ▲ Next.js 15.1.6
2025-02-09 00:12 -05:00:    - Local:        http://localhost:3000
2025-02-09 00:12 -05:00:    - Network:      http://192.168.1.100:3000
2025-02-09 00:12 -05:00: 
2025-02-09 00:12 -05:00:  ✓ Starting...
2025-02-09 00:12 -05:00:  ✓ Ready in 620ms
2025-02-09 00:12 -05:00: MongoDB :: connected premierprinting
2025-02-09 00:14 -05:00:    ▲ Next.js 15.1.6
2025-02-09 00:14 -05:00:    - Local:        http://localhost:3000
2025-02-09 00:14 -05:00:    - Network:      http://192.168.1.100:3000
2025-02-09 00:14 -05:00: 
2025-02-09 00:14 -05:00:  ✓ Starting...
2025-02-09 00:14 -05:00:  ✓ Ready in 655ms
2025-02-09 00:14 -05:00: MongoDB :: connected premierprinting
2025-02-09 00:16 -05:00:    ▲ Next.js 15.1.6
2025-02-09 00:16 -05:00:    - Local:        http://localhost:3000
2025-02-09 00:16 -05:00:    - Network:      http://192.168.1.100:3000
2025-02-09 00:16 -05:00: 
2025-02-09 00:16 -05:00:  ✓ Starting...
2025-02-09 00:16 -05:00:  ✓ Ready in 643ms
2025-02-09 00:17 -05:00: MongoDB :: connected premierprinting
2025-02-09 00:19 -05:00:    ▲ Next.js 15.1.6
2025-02-09 00:19 -05:00:    - Local:        http://localhost:3000
2025-02-09 00:19 -05:00:    - Network:      http://192.168.1.100:3000
2025-02-09 00:19 -05:00: 
2025-02-09 00:19 -05:00:  ✓ Starting...
2025-02-09 00:19 -05:00:  ✓ Ready in 635ms
2025-02-09 00:19 -05:00: MongoDB :: connected premierprinting
2025-02-09 00:22 -05:00:    ▲ Next.js 15.1.6
2025-02-09 00:22 -05:00:    - Local:        http://localhost:3000
2025-02-09 00:22 -05:00:    - Network:      http://192.168.1.100:3000
2025-02-09 00:22 -05:00: 
2025-02-09 00:22 -05:00:  ✓ Starting...
2025-02-09 00:22 -05:00:  ✓ Ready in 623ms
2025-02-09 00:22 -05:00: MongoDB :: connected premierprinting
2025-02-09 00:26 -05:00:    ▲ Next.js 15.1.6
2025-02-09 00:26 -05:00:    - Local:        http://localhost:3000
2025-02-09 00:26 -05:00:    - Network:      http://192.168.1.100:3000
2025-02-09 00:26 -05:00: 
2025-02-09 00:26 -05:00:  ✓ Starting...
2025-02-09 00:26 -05:00:  ✓ Ready in 607ms
2025-02-09 00:26 -05:00: MongoDB :: connected premierprinting
2025-02-09 00:28 -05:00:    ▲ Next.js 15.1.6
2025-02-09 00:28 -05:00:    - Local:        http://localhost:3000
2025-02-09 00:28 -05:00:    - Network:      http://192.168.1.100:3000
2025-02-09 00:28 -05:00: 
2025-02-09 00:28 -05:00:  ✓ Starting...
2025-02-09 00:28 -05:00:  ✓ Ready in 627ms
2025-02-09 00:28 -05:00: MongoDB :: connected premierprinting
2025-02-09 00:29 -05:00:    ▲ Next.js 15.1.6
2025-02-09 00:29 -05:00:    - Local:        http://localhost:3000
2025-02-09 00:29 -05:00:    - Network:      http://192.168.1.100:3000
2025-02-09 00:29 -05:00: 
2025-02-09 00:29 -05:00:  ✓ Starting...
2025-02-09 00:29 -05:00:  ✓ Ready in 680ms
2025-02-09 00:29 -05:00: MongoDB :: connected premierprinting
2025-02-09 00:31 -05:00:    ▲ Next.js 15.1.6
2025-02-09 00:31 -05:00:    - Local:        http://localhost:3000
2025-02-09 00:31 -05:00:    - Network:      http://192.168.1.100:3000
2025-02-09 00:31 -05:00: 
2025-02-09 00:31 -05:00:  ✓ Starting...
2025-02-09 00:31 -05:00:  ✓ Ready in 624ms
2025-02-09 00:31 -05:00: MongoDB :: connected premierprinting
2025-02-09 00:35 -05:00:    ▲ Next.js 15.1.6
2025-02-09 00:35 -05:00:    - Local:        http://localhost:3000
2025-02-09 00:35 -05:00:    - Network:      http://192.168.1.100:3000
2025-02-09 00:35 -05:00: 
2025-02-09 00:35 -05:00:  ✓ Starting...
2025-02-09 00:35 -05:00:  ✓ Ready in 591ms
2025-02-09 00:35 -05:00: MongoDB :: connected premierprinting
2025-02-09 00:38 -05:00:    ▲ Next.js 15.1.6
2025-02-09 00:38 -05:00:    - Local:        http://localhost:3001
2025-02-09 00:38 -05:00:    - Network:      http://192.168.1.100:3001
2025-02-09 00:38 -05:00: 
2025-02-09 00:38 -05:00:  ✓ Starting...
2025-02-09 00:38 -05:00:  ✓ Ready in 660ms
2025-02-09 00:38 -05:00:    ▲ Next.js 15.1.6
2025-02-09 00:38 -05:00:    - Local:        http://localhost:3000
2025-02-09 00:38 -05:00:    - Network:      http://192.168.1.100:3000
2025-02-09 00:38 -05:00: 
2025-02-09 00:38 -05:00:  ✓ Starting...
2025-02-09 00:38 -05:00:  ✓ Ready in 650ms
2025-02-09 00:38 -05:00: MongoDB :: connected premierprinting
2025-02-09 00:38 -05:00: MongoDB :: connected premierprinting
2025-02-09 00:38 -05:00:    ▲ Next.js 15.1.6
2025-02-09 00:38 -05:00:    - Local:        http://localhost:3000
2025-02-09 00:38 -05:00:    - Network:      http://192.168.1.100:3000
2025-02-09 00:38 -05:00: 
2025-02-09 00:38 -05:00:  ✓ Starting...
2025-02-09 00:38 -05:00:  ✓ Ready in 561ms
2025-02-09 00:38 -05:00: MongoDB :: connected premierprinting
2025-02-09 00:40 -05:00:    ▲ Next.js 15.1.6
2025-02-09 00:40 -05:00:    - Local:        http://localhost:3000
2025-02-09 00:40 -05:00:    - Network:      http://192.168.1.100:3000
2025-02-09 00:40 -05:00: 
2025-02-09 00:40 -05:00:  ✓ Starting...
2025-02-09 00:40 -05:00:  ✓ Ready in 608ms
2025-02-09 00:40 -05:00: MongoDB :: connected premierprinting
2025-02-09 00:43 -05:00:    ▲ Next.js 15.1.6
2025-02-09 00:43 -05:00:    - Local:        http://localhost:3000
2025-02-09 00:43 -05:00:    - Network:      http://192.168.1.100:3000
2025-02-09 00:43 -05:00: 
2025-02-09 00:43 -05:00:  ✓ Starting...
2025-02-09 00:43 -05:00:  ✓ Ready in 631ms
2025-02-09 00:43 -05:00: MongoDB :: connected premierprinting
2025-02-09 00:46 -05:00:    ▲ Next.js 15.1.6
2025-02-09 00:46 -05:00:    - Local:        http://localhost:3000
2025-02-09 00:46 -05:00:    - Network:      http://192.168.1.100:3000
2025-02-09 00:46 -05:00: 
2025-02-09 00:46 -05:00:  ✓ Starting...
2025-02-09 00:46 -05:00:  ✓ Ready in 613ms
2025-02-09 00:46 -05:00: MongoDB :: connected premierprinting
2025-02-09 00:47 -05:00:    ▲ Next.js 15.1.6
2025-02-09 00:47 -05:00:    - Local:        http://localhost:3000
2025-02-09 00:47 -05:00:    - Network:      http://192.168.1.100:3000
2025-02-09 00:47 -05:00: 
2025-02-09 00:47 -05:00:  ✓ Starting...
2025-02-09 00:47 -05:00:  ✓ Ready in 662ms
2025-02-09 00:47 -05:00: MongoDB :: connected premierprinting
2025-02-09 00:49 -05:00:    ▲ Next.js 15.1.6
2025-02-09 00:49 -05:00:    - Local:        http://localhost:3000
2025-02-09 00:49 -05:00:    - Network:      http://192.168.1.100:3000
2025-02-09 00:49 -05:00: 
2025-02-09 00:49 -05:00:  ✓ Starting...
2025-02-09 00:49 -05:00:  ✓ Ready in 606ms
2025-02-09 00:49 -05:00: MongoDB :: connected premierprinting
2025-02-09 00:53 -05:00:    ▲ Next.js 15.1.6
2025-02-09 00:53 -05:00:    - Local:        http://localhost:3000
2025-02-09 00:53 -05:00:    - Network:      http://192.168.1.100:3000
2025-02-09 00:53 -05:00: 
2025-02-09 00:53 -05:00:  ✓ Starting...
2025-02-09 00:53 -05:00:  ✓ Ready in 665ms
2025-02-09 00:53 -05:00: MongoDB :: connected premierprinting
2025-02-09 00:56 -05:00:    ▲ Next.js 15.1.6
2025-02-09 00:56 -05:00:    - Local:        http://localhost:3000
2025-02-09 00:56 -05:00:    - Network:      http://192.168.1.100:3000
2025-02-09 00:56 -05:00: 
2025-02-09 00:56 -05:00:  ✓ Starting...
2025-02-09 00:56 -05:00:  ✓ Ready in 717ms
2025-02-09 00:56 -05:00: MongoDB :: connected premierprinting
2025-02-09 01:03 -05:00:    ▲ Next.js 15.1.6
2025-02-09 01:03 -05:00:    - Local:        http://localhost:3000
2025-02-09 01:03 -05:00:    - Network:      http://192.168.1.100:3000
2025-02-09 01:03 -05:00: 
2025-02-09 01:03 -05:00:  ✓ Starting...
2025-02-09 01:03 -05:00:  ✓ Ready in 606ms
2025-02-09 01:03 -05:00: MongoDB :: connected premierprinting
2025-02-09 01:06 -05:00:    ▲ Next.js 15.1.6
2025-02-09 01:06 -05:00:    - Local:        http://localhost:3000
2025-02-09 01:06 -05:00:    - Network:      http://192.168.1.100:3000
2025-02-09 01:06 -05:00: 
2025-02-09 01:06 -05:00:  ✓ Starting...
2025-02-09 01:06 -05:00:  ✓ Ready in 708ms
2025-02-09 01:06 -05:00: MongoDB :: connected premierprinting
2025-02-09 01:11 -05:00:    ▲ Next.js 15.1.6
2025-02-09 01:11 -05:00:    - Local:        http://localhost:3000
2025-02-09 01:11 -05:00:    - Network:      http://192.168.1.100:3000
2025-02-09 01:11 -05:00: 
2025-02-09 01:11 -05:00:  ✓ Starting...
2025-02-09 01:11 -05:00:  ✓ Ready in 597ms
2025-02-09 01:11 -05:00: MongoDB :: connected premierprinting
2025-02-09 01:14 -05:00:    ▲ Next.js 15.1.6
2025-02-09 01:14 -05:00:    - Local:        http://localhost:3000
2025-02-09 01:14 -05:00:    - Network:      http://192.168.1.100:3000
2025-02-09 01:14 -05:00: 
2025-02-09 01:14 -05:00:  ✓ Starting...
2025-02-09 01:14 -05:00:  ✓ Ready in 619ms
2025-02-09 01:14 -05:00: MongoDB :: connected premierprinting
2025-02-09 01:18 -05:00:    ▲ Next.js 15.1.6
2025-02-09 01:18 -05:00:    - Local:        http://localhost:3000
2025-02-09 01:18 -05:00:    - Network:      http://192.168.1.100:3000
2025-02-09 01:18 -05:00: 
2025-02-09 01:18 -05:00:  ✓ Starting...
2025-02-09 01:18 -05:00:  ✓ Ready in 638ms
2025-02-09 01:18 -05:00: MongoDB :: connected premierprinting
2025-02-09 01:23 -05:00:    ▲ Next.js 15.1.6
2025-02-09 01:23 -05:00:    - Local:        http://localhost:3000
2025-02-09 01:23 -05:00:    - Network:      http://192.168.1.100:3000
2025-02-09 01:23 -05:00: 
2025-02-09 01:23 -05:00:  ✓ Starting...
2025-02-09 01:23 -05:00:  ✓ Ready in 632ms
2025-02-09 01:23 -05:00: MongoDB :: connected premierprinting
2025-02-09 01:26 -05:00:    ▲ Next.js 15.1.6
2025-02-09 01:26 -05:00:    - Local:        http://localhost:3000
2025-02-09 01:26 -05:00:    - Network:      http://192.168.1.100:3000
2025-02-09 01:26 -05:00: 
2025-02-09 01:26 -05:00:  ✓ Starting...
2025-02-09 01:26 -05:00:  ✓ Ready in 627ms
2025-02-09 01:26 -05:00: MongoDB :: connected premierprinting
2025-02-09 01:30 -05:00:    ▲ Next.js 15.1.6
2025-02-09 01:30 -05:00:    - Local:        http://localhost:3000
2025-02-09 01:30 -05:00:    - Network:      http://192.168.1.100:3000
2025-02-09 01:30 -05:00: 
2025-02-09 01:30 -05:00:  ✓ Starting...
2025-02-09 01:30 -05:00:  ✓ Ready in 614ms
2025-02-09 01:30 -05:00: MongoDB :: connected premierprinting
2025-02-09 01:34 -05:00:    ▲ Next.js 15.1.6
2025-02-09 01:34 -05:00:    - Local:        http://localhost:3000
2025-02-09 01:34 -05:00:    - Network:      http://192.168.1.100:3000
2025-02-09 01:34 -05:00: 
2025-02-09 01:34 -05:00:  ✓ Starting...
2025-02-09 01:34 -05:00:  ✓ Ready in 645ms
2025-02-09 01:34 -05:00: MongoDB :: connected premierprinting
2025-02-09 01:39 -05:00:    ▲ Next.js 15.1.6
2025-02-09 01:39 -05:00:    - Local:        http://localhost:3000
2025-02-09 01:39 -05:00:    - Network:      http://192.168.1.100:3000
2025-02-09 01:39 -05:00: 
2025-02-09 01:39 -05:00:  ✓ Starting...
2025-02-09 01:39 -05:00:  ✓ Ready in 618ms
2025-02-09 01:39 -05:00: MongoDB :: connected premierprinting
2025-02-09 01:43 -05:00:    ▲ Next.js 15.1.6
2025-02-09 01:43 -05:00:    - Local:        http://localhost:3000
2025-02-09 01:43 -05:00:    - Network:      http://192.168.1.100:3000
2025-02-09 01:43 -05:00: 
2025-02-09 01:43 -05:00:  ✓ Starting...
2025-02-09 01:43 -05:00:  ✓ Ready in 618ms
2025-02-09 01:43 -05:00: MongoDB :: connected premierprinting
2025-02-09 01:46 -05:00:    ▲ Next.js 15.1.6
2025-02-09 01:46 -05:00:    - Local:        http://localhost:3000
2025-02-09 01:46 -05:00:    - Network:      http://192.168.1.100:3000
2025-02-09 01:46 -05:00: 
2025-02-09 01:46 -05:00:  ✓ Starting...
2025-02-09 01:46 -05:00:  ✓ Ready in 722ms
2025-02-09 01:46 -05:00: MongoDB :: connected premierprinting
2025-02-09 01:48 -05:00:    ▲ Next.js 15.1.6
2025-02-09 01:48 -05:00:    - Local:        http://localhost:3000
2025-02-09 01:48 -05:00:    - Network:      http://192.168.1.100:3000
2025-02-09 01:48 -05:00: 
2025-02-09 01:48 -05:00:  ✓ Starting...
2025-02-09 01:48 -05:00:  ✓ Ready in 647ms
2025-02-09 01:48 -05:00: MongoDB :: connected premierprinting
2025-02-09 02:08 -05:00:    ▲ Next.js 15.1.6
2025-02-09 02:08 -05:00:    - Local:        http://localhost:3000
2025-02-09 02:08 -05:00:    - Network:      http://192.168.1.100:3000
2025-02-09 02:08 -05:00: 
2025-02-09 02:08 -05:00:  ✓ Starting...
2025-02-09 02:08 -05:00:  ✓ Ready in 675ms
2025-02-09 02:08 -05:00: MongoDB :: connected premierprinting
2025-02-09 02:11 -05:00:    ▲ Next.js 15.1.6
2025-02-09 02:11 -05:00:    - Local:        http://localhost:3000
2025-02-09 02:11 -05:00:    - Network:      http://192.168.1.100:3000
2025-02-09 02:11 -05:00: 
2025-02-09 02:11 -05:00:  ✓ Starting...
2025-02-09 02:11 -05:00:  ✓ Ready in 697ms
2025-02-09 02:11 -05:00: MongoDB :: connected premierprinting
2025-02-09 02:17 -05:00:    ▲ Next.js 15.1.6
2025-02-09 02:17 -05:00:    - Local:        http://localhost:3000
2025-02-09 02:17 -05:00:    - Network:      http://192.168.1.100:3000
2025-02-09 02:17 -05:00: 
2025-02-09 02:17 -05:00:  ✓ Starting...
2025-02-09 02:17 -05:00:  ✓ Ready in 645ms
2025-02-09 02:17 -05:00: MongoDB :: connected premierprinting
2025-02-09 02:24 -05:00:    ▲ Next.js 15.1.6
2025-02-09 02:24 -05:00:    - Local:        http://localhost:3000
2025-02-09 02:24 -05:00:    - Network:      http://192.168.1.100:3000
2025-02-09 02:24 -05:00: 
2025-02-09 02:24 -05:00:  ✓ Starting...
2025-02-09 02:24 -05:00:  ✓ Ready in 615ms
2025-02-09 02:24 -05:00: MongoDB :: connected premierprinting
2025-02-09 02:51 -05:00:    ▲ Next.js 15.1.6
2025-02-09 02:51 -05:00:    - Local:        http://localhost:3000
2025-02-09 02:51 -05:00:    - Network:      http://192.168.1.100:3000
2025-02-09 02:51 -05:00: 
2025-02-09 02:51 -05:00:  ✓ Starting...
2025-02-09 02:51 -05:00:  ✓ Ready in 651ms
2025-02-09 02:51 -05:00: MongoDB :: connected premierprinting
2025-02-09 03:09 -05:00:    ▲ Next.js 15.1.6
2025-02-09 03:09 -05:00:    - Local:        http://localhost:3000
2025-02-09 03:09 -05:00:    - Network:      http://192.168.1.100:3000
2025-02-09 03:09 -05:00: 
2025-02-09 03:09 -05:00:  ✓ Starting...
2025-02-09 03:09 -05:00:  ✓ Ready in 622ms
2025-02-09 03:09 -05:00: MongoDB :: connected premierprinting
2025-02-09 03:11 -05:00:    ▲ Next.js 15.1.6
2025-02-09 03:11 -05:00:    - Local:        http://localhost:3000
2025-02-09 03:11 -05:00:    - Network:      http://192.168.1.100:3000
2025-02-09 03:11 -05:00: 
2025-02-09 03:11 -05:00:  ✓ Starting...
2025-02-09 03:11 -05:00:  ✓ Ready in 680ms
2025-02-09 03:11 -05:00: MongoDB :: connected premierprinting
2025-02-09 03:14 -05:00:    ▲ Next.js 15.1.6
2025-02-09 03:14 -05:00:    - Local:        http://localhost:3000
2025-02-09 03:14 -05:00:    - Network:      http://192.168.1.100:3000
2025-02-09 03:14 -05:00: 
2025-02-09 03:14 -05:00:  ✓ Starting...
2025-02-09 03:14 -05:00:  ✓ Ready in 611ms
2025-02-09 03:14 -05:00: MongoDB :: connected premierprinting
2025-02-09 03:14 -05:00:    ▲ Next.js 15.1.6
2025-02-09 03:14 -05:00:    - Local:        http://localhost:3000
2025-02-09 03:14 -05:00:    - Network:      http://192.168.1.100:3000
2025-02-09 03:14 -05:00: 
2025-02-09 03:14 -05:00:  ✓ Starting...
2025-02-09 03:14 -05:00:  ✓ Ready in 644ms
2025-02-09 03:14 -05:00: MongoDB :: connected premierprinting
2025-02-09 03:16 -05:00:    ▲ Next.js 15.1.6
2025-02-09 03:16 -05:00:    - Local:        http://localhost:3000
2025-02-09 03:16 -05:00:    - Network:      http://192.168.1.100:3000
2025-02-09 03:16 -05:00: 
2025-02-09 03:16 -05:00:  ✓ Starting...
2025-02-09 03:16 -05:00:  ✓ Ready in 695ms
2025-02-09 03:16 -05:00: MongoDB :: connected premierprinting
2025-02-09 09:00 -05:00:    ▲ Next.js 15.1.6
2025-02-09 09:00 -05:00:    - Local:        http://localhost:3000
2025-02-09 09:00 -05:00:    - Network:      http://192.168.1.100:3000
2025-02-09 09:00 -05:00: 
2025-02-09 09:00 -05:00:  ✓ Starting...
2025-02-09 09:00 -05:00:  ✓ Ready in 4.2s
2025-02-09 09:00 -05:00: MongoDB :: connected premierprinting
