2025-02-03 18:38 -05:00:    ▲ Next.js 15.1.6
2025-02-03 18:38 -05:00:    ▲ Next.js 15.1.6
2025-02-03 18:38 -05:00:    ▲ Next.js 15.1.6
2025-02-03 18:38 -05:00:    ▲ Next.js 15.1.6
2025-02-03 18:38 -05:00:    ▲ Next.js 15.1.6
2025-02-03 18:38 -05:00:    ▲ Next.js 15.1.6
2025-02-03 18:38 -05:00:    ▲ Next.js 15.1.6
2025-02-03 18:38 -05:00:    ▲ Next.js 15.1.6
2025-02-03 18:38 -05:00:    ▲ Next.js 15.1.6
2025-02-03 18:38 -05:00:    ▲ Next.js 15.1.6
2025-02-03 18:38 -05:00:    ▲ Next.js 15.1.6
2025-02-03 18:38 -05:00:    ▲ Next.js 15.1.6
2025-02-03 18:38 -05:00:    ▲ Next.js 15.1.6
2025-02-03 18:38 -05:00:    ▲ Next.js 15.1.6
2025-02-03 18:38 -05:00:    ▲ Next.js 15.1.6
2025-02-03 18:38 -05:00:    ▲ Next.js 15.1.6
2025-02-03 18:38 -05:00:    ▲ Next.js 15.1.6
2025-02-03 18:38 -05:00:    - Local:        http://localhost:3006
2025-02-03 18:38 -05:00:    - Network:      http://192.168.1.14:3006
2025-02-03 18:38 -05:00: 
2025-02-03 18:38 -05:00:  ✓ Starting...
2025-02-03 18:38 -05:00:    - Local:        http://localhost:3006
2025-02-03 18:38 -05:00:    - Network:      http://192.168.1.14:3006
2025-02-03 18:38 -05:00: 
2025-02-03 18:38 -05:00:  ✓ Starting...
2025-02-03 18:38 -05:00:    - Local:        http://localhost:3006
2025-02-03 18:38 -05:00:    - Network:      http://192.168.1.14:3006
2025-02-03 18:38 -05:00: 
2025-02-03 18:38 -05:00:  ✓ Starting...
2025-02-03 18:38 -05:00:    - Local:        http://localhost:3006
2025-02-03 18:38 -05:00:    - Network:      http://192.168.1.14:3006
2025-02-03 18:38 -05:00: 
2025-02-03 18:38 -05:00:  ✓ Starting...
2025-02-03 18:38 -05:00:    - Local:        http://localhost:3006
2025-02-03 18:38 -05:00:    - Network:      http://192.168.1.14:3006
2025-02-03 18:38 -05:00: 
2025-02-03 18:38 -05:00:  ✓ Starting...
2025-02-03 18:38 -05:00:    - Local:        http://localhost:3006
2025-02-03 18:38 -05:00:    - Network:      http://192.168.1.14:3006
2025-02-03 18:38 -05:00: 
2025-02-03 18:38 -05:00:  ✓ Starting...
2025-02-03 18:38 -05:00:    - Local:        http://localhost:3006
2025-02-03 18:38 -05:00:    - Network:      http://192.168.1.14:3006
2025-02-03 18:38 -05:00: 
2025-02-03 18:38 -05:00:  ✓ Starting...
2025-02-03 18:38 -05:00:    - Local:        http://localhost:3006
2025-02-03 18:38 -05:00:    - Network:      http://192.168.1.14:3006
2025-02-03 18:38 -05:00: 
2025-02-03 18:38 -05:00:  ✓ Starting...
2025-02-03 18:38 -05:00:    ▲ Next.js 15.1.6
2025-02-03 18:38 -05:00:  ✓ Ready in 1239ms
2025-02-03 18:38 -05:00:  ✓ Ready in 1279ms
2025-02-03 18:38 -05:00:  ✓ Ready in 1229ms
2025-02-03 18:38 -05:00:    - Local:        http://localhost:3006
2025-02-03 18:38 -05:00:    - Network:      http://192.168.1.14:3006
2025-02-03 18:38 -05:00: 
2025-02-03 18:38 -05:00:  ✓ Starting...
2025-02-03 18:38 -05:00:    - Local:        http://localhost:3006
2025-02-03 18:38 -05:00:    - Network:      http://192.168.1.14:3006
2025-02-03 18:38 -05:00: 
2025-02-03 18:38 -05:00:  ✓ Starting...
2025-02-03 18:38 -05:00:  ✓ Ready in 1208ms
2025-02-03 18:38 -05:00:  ✓ Ready in 1259ms
2025-02-03 18:38 -05:00:  ✓ Ready in 1220ms
2025-02-03 18:38 -05:00:  ✓ Ready in 1241ms
2025-02-03 18:38 -05:00:  ✓ Ready in 1202ms
2025-02-03 18:38 -05:00:    - Local:        http://localhost:3006
2025-02-03 18:38 -05:00:    - Network:      http://192.168.1.14:3006
2025-02-03 18:38 -05:00: 
2025-02-03 18:38 -05:00:  ✓ Starting...
2025-02-03 18:38 -05:00:    - Local:        http://localhost:3006
2025-02-03 18:38 -05:00:    - Network:      http://192.168.1.14:3006
2025-02-03 18:38 -05:00: 
2025-02-03 18:38 -05:00:  ✓ Starting...
2025-02-03 18:38 -05:00:    - Local:        http://localhost:3006
2025-02-03 18:38 -05:00:    - Network:      http://192.168.1.14:3006
2025-02-03 18:38 -05:00: 
2025-02-03 18:38 -05:00:  ✓ Starting...
2025-02-03 18:38 -05:00:    - Local:        http://localhost:3006
2025-02-03 18:38 -05:00:    - Network:      http://192.168.1.14:3006
2025-02-03 18:38 -05:00: 
2025-02-03 18:38 -05:00:  ✓ Starting...
2025-02-03 18:38 -05:00:    - Local:        http://localhost:3006
2025-02-03 18:38 -05:00:    - Network:      http://192.168.1.14:3006
2025-02-03 18:38 -05:00: 
2025-02-03 18:38 -05:00:  ✓ Starting...
2025-02-03 18:38 -05:00:    - Local:        http://localhost:3006
2025-02-03 18:38 -05:00:    - Network:      http://192.168.1.14:3006
2025-02-03 18:38 -05:00: 
2025-02-03 18:38 -05:00:  ✓ Starting...
2025-02-03 18:38 -05:00:  ✓ Ready in 1436ms
2025-02-03 18:38 -05:00:  ✓ Ready in 1440ms
2025-02-03 18:38 -05:00:  ✓ Ready in 1473ms
2025-02-03 18:38 -05:00:  ✓ Ready in 1469ms
2025-02-03 18:38 -05:00:    ▲ Next.js 15.1.6
2025-02-03 18:38 -05:00:  ✓ Ready in 1499ms
2025-02-03 18:38 -05:00:  ✓ Ready in 1502ms
2025-02-03 18:38 -05:00:  ✓ Ready in 1443ms
2025-02-03 18:38 -05:00:    - Local:        http://localhost:3006
2025-02-03 18:38 -05:00:    - Network:      http://192.168.1.14:3006
2025-02-03 18:38 -05:00: 
2025-02-03 18:38 -05:00:  ✓ Starting...
2025-02-03 18:38 -05:00:    - Local:        http://localhost:3006
2025-02-03 18:38 -05:00:    - Network:      http://192.168.1.14:3006
2025-02-03 18:38 -05:00: 
2025-02-03 18:38 -05:00:  ✓ Starting...
2025-02-03 18:38 -05:00:  ✓ Ready in 1580ms
2025-02-03 18:38 -05:00:    ▲ Next.js 15.1.6
2025-02-03 18:38 -05:00:  ✓ Ready in 1472ms
2025-02-03 18:38 -05:00:  ✓ Ready in 1444ms
2025-02-03 18:38 -05:00:    ▲ Next.js 15.1.6
2025-02-03 18:38 -05:00:    ▲ Next.js 15.1.6
2025-02-03 18:38 -05:00:    - Local:        http://localhost:3006
2025-02-03 18:38 -05:00:    - Network:      http://192.168.1.14:3006
2025-02-03 18:38 -05:00: 
2025-02-03 18:38 -05:00:  ✓ Starting...
2025-02-03 18:38 -05:00:  ✓ Ready in 1558ms
2025-02-03 18:38 -05:00:    ▲ Next.js 15.1.6
2025-02-03 18:38 -05:00:    - Local:        http://localhost:3006
2025-02-03 18:38 -05:00:    - Network:      http://192.168.1.14:3006
2025-02-03 18:38 -05:00: 
2025-02-03 18:38 -05:00:  ✓ Starting...
2025-02-03 18:38 -05:00:    - Local:        http://localhost:3006
2025-02-03 18:38 -05:00:    - Network:      http://192.168.1.14:3006
2025-02-03 18:38 -05:00: 
2025-02-03 18:38 -05:00:  ✓ Starting...
2025-02-03 18:38 -05:00:  ✓ Ready in 1902ms
2025-02-03 18:38 -05:00:    ▲ Next.js 15.1.6
2025-02-03 18:38 -05:00:    - Local:        http://localhost:3006
2025-02-03 18:38 -05:00:    - Network:      http://192.168.1.14:3006
2025-02-03 18:38 -05:00: 
2025-02-03 18:38 -05:00:  ✓ Starting...
2025-02-03 18:38 -05:00:  ✓ Ready in 1675ms
2025-02-03 18:38 -05:00:    - Local:        http://localhost:3006
2025-02-03 18:38 -05:00:    - Network:      http://192.168.1.14:3006
2025-02-03 18:38 -05:00: 
2025-02-03 18:38 -05:00:  ✓ Starting...
2025-02-03 18:38 -05:00:  ✓ Ready in 1939ms
2025-02-03 18:38 -05:00:    ▲ Next.js 15.1.6
2025-02-03 18:38 -05:00:  ✓ Ready in 1753ms
2025-02-03 18:38 -05:00:    - Local:        http://localhost:3006
2025-02-03 18:38 -05:00:    - Network:      http://192.168.1.14:3006
2025-02-03 18:38 -05:00: 
2025-02-03 18:38 -05:00:  ✓ Starting...
2025-02-03 18:38 -05:00:    ▲ Next.js 15.1.6
2025-02-03 18:38 -05:00:  ✓ Ready in 1601ms
2025-02-03 18:38 -05:00: MongoDB :: connected premierprinting
2025-02-03 18:38 -05:00: MongoDB :: connected premierprinting
2025-02-03 18:38 -05:00:    - Local:        http://localhost:3006
2025-02-03 18:38 -05:00:    - Network:      http://192.168.1.14:3006
2025-02-03 18:38 -05:00: 
2025-02-03 18:38 -05:00:  ✓ Starting...
2025-02-03 18:38 -05:00:    ▲ Next.js 15.1.6
2025-02-03 18:38 -05:00:    ▲ Next.js 15.1.6
2025-02-03 18:38 -05:00:    ▲ Next.js 15.1.6
2025-02-03 18:38 -05:00:    - Local:        http://localhost:3006
2025-02-03 18:38 -05:00:    - Network:      http://192.168.1.14:3006
2025-02-03 18:38 -05:00: 
2025-02-03 18:38 -05:00:  ✓ Starting...
2025-02-03 18:38 -05:00: MongoDB :: connected premierprinting
2025-02-03 18:38 -05:00:    ▲ Next.js 15.1.6
2025-02-03 18:38 -05:00: MongoDB :: connected premierprinting
2025-02-03 18:38 -05:00:  ✓ Ready in 1657ms
2025-02-03 18:38 -05:00:    ▲ Next.js 15.1.6
2025-02-03 18:38 -05:00: MongoDB :: connected premierprinting
2025-02-03 18:38 -05:00:    ▲ Next.js 15.1.6
2025-02-03 18:38 -05:00: MongoDB :: connected premierprinting
2025-02-03 18:38 -05:00:  ✓ Ready in 1882ms
2025-02-03 18:38 -05:00:    - Local:        http://localhost:3006
2025-02-03 18:38 -05:00:    - Network:      http://192.168.1.14:3006
2025-02-03 18:38 -05:00: 
2025-02-03 18:38 -05:00:  ✓ Starting...
2025-02-03 18:38 -05:00: MongoDB :: connected premierprinting
2025-02-03 18:38 -05:00:    - Local:        http://localhost:3006
2025-02-03 18:38 -05:00:    - Network:      http://192.168.1.14:3006
2025-02-03 18:38 -05:00: 
2025-02-03 18:38 -05:00:  ✓ Starting...
2025-02-03 18:38 -05:00:    - Local:        http://localhost:3006
2025-02-03 18:38 -05:00:    - Network:      http://192.168.1.14:3006
2025-02-03 18:38 -05:00: 
2025-02-03 18:38 -05:00:  ✓ Starting...
2025-02-03 18:38 -05:00:    - Local:        http://localhost:3006
2025-02-03 18:38 -05:00:    - Network:      http://192.168.1.14:3006
2025-02-03 18:38 -05:00: 
2025-02-03 18:38 -05:00:  ✓ Starting...
2025-02-03 18:38 -05:00:    - Local:        http://localhost:3006
2025-02-03 18:38 -05:00:    - Network:      http://192.168.1.14:3006
2025-02-03 18:38 -05:00: 
2025-02-03 18:38 -05:00:  ✓ Starting...
2025-02-03 18:38 -05:00: MongoDB :: connected premierprinting
2025-02-03 18:38 -05:00: MongoDB :: connected premierprinting
2025-02-03 18:38 -05:00:    - Local:        http://localhost:3006
2025-02-03 18:38 -05:00:    - Network:      http://192.168.1.14:3006
2025-02-03 18:38 -05:00: 
2025-02-03 18:38 -05:00:  ✓ Starting...
2025-02-03 18:38 -05:00:  ✓ Ready in 1324ms
2025-02-03 18:38 -05:00:  ✓ Ready in 1241ms
2025-02-03 18:38 -05:00:  ✓ Ready in 1567ms
2025-02-03 18:38 -05:00:  ✓ Ready in 1628ms
2025-02-03 18:38 -05:00:  ✓ Ready in 1710ms
2025-02-03 18:38 -05:00:  ✓ Ready in 1150ms
2025-02-03 18:38 -05:00: MongoDB :: connected premierprinting
2025-02-03 18:38 -05:00: MongoDB :: connected premierprinting
2025-02-03 18:38 -05:00: MongoDB :: connected premierprinting
2025-02-03 18:38 -05:00: MongoDB :: connected premierprinting
2025-02-03 18:38 -05:00: MongoDB :: connected premierprinting
2025-02-03 18:38 -05:00: MongoDB :: connected premierprinting
2025-02-03 18:38 -05:00: MongoDB :: connected premierprinting
2025-02-03 18:38 -05:00: MongoDB :: connected premierprinting
2025-02-03 18:38 -05:00: MongoDB :: connected premierprinting
2025-02-03 18:38 -05:00: MongoDB :: connected premierprinting
2025-02-03 18:38 -05:00: MongoDB :: connected premierprinting
2025-02-03 18:38 -05:00: MongoDB :: connected premierprinting
2025-02-03 18:38 -05:00: MongoDB :: connected premierprinting
2025-02-03 18:38 -05:00: MongoDB :: connected premierprinting
2025-02-03 18:38 -05:00: MongoDB :: connected premierprinting
2025-02-03 18:38 -05:00: MongoDB :: connected premierprinting
2025-02-03 18:38 -05:00: MongoDB :: connected premierprinting
2025-02-03 18:38 -05:00: MongoDB :: connected premierprinting
2025-02-03 18:38 -05:00: MongoDB :: connected premierprinting
2025-02-03 18:38 -05:00: MongoDB :: connected premierprinting
2025-02-03 18:38 -05:00: MongoDB :: connected premierprinting
2025-02-03 18:38 -05:00: MongoDB :: connected premierprinting
2025-02-03 18:38 -05:00: MongoDB :: connected premierprinting
